Flow report for barcodescanner
Tue May 12 23:15:14 2020
Quartus Prime Version 18.1.0 Build 625 09/12/2018 SJ Lite Edition


---------------------
; Table of Contents ;
---------------------
  1. Legal Notice
  2. Flow Summary
  3. Flow Settings
  4. Flow Non-Default Global Settings
  5. Flow Elapsed Time
  6. Flow OS Summary
  7. Flow Log
  8. Flow Messages
  9. Flow Suppressed Messages



----------------
; Legal Notice ;
----------------
Copyright (C) 2018  Intel Corporation. All rights reserved.
Your use of Intel Corporation's design tools, logic functions 
and other software and tools, and its AMPP partner logic 
functions, and any output files from any of the foregoing 
(including device programming or simulation files), and any 
associated documentation or information are expressly subject 
to the terms and conditions of the Intel Program License 
Subscription Agreement, the Intel Quartus Prime License Agreement,
the Intel FPGA IP License Agreement, or other applicable license
agreement, including, without limitation, that your use is for
the sole purpose of programming logic devices manufactured by
Intel and sold by Intel or its authorized distributors.  Please
refer to the applicable agreement for further details.



+----------------------------------------------------------------------------------+
; Flow Summary                                                                     ;
+------------------------------------+---------------------------------------------+
; Flow Status                        ; Successful - Tue May 12 23:15:10 2020       ;
; Quartus Prime Version              ; 18.1.0 Build 625 09/12/2018 SJ Lite Edition ;
; Revision Name                      ; barcodescanner                              ;
; Top-level Entity Name              ; barcodescanner                              ;
; Family                             ; Cyclone IV E                                ;
; Device                             ; EP4CE115F29C7                               ;
; Timing Models                      ; Final                                       ;
; Total logic elements               ; 3,420 / 114,480 ( 3 % )                     ;
;     Total combinational functions  ; 3,078 / 114,480 ( 3 % )                     ;
;     Dedicated logic registers      ; 2,021 / 114,480 ( 2 % )                     ;
; Total registers                    ; 2021                                        ;
; Total pins                         ; 54 / 529 ( 10 % )                           ;
; Total virtual pins                 ; 0                                           ;
; Total memory bits                  ; 115,616 / 3,981,312 ( 3 % )                 ;
; Embedded Multiplier 9-bit elements ; 6 / 532 ( 1 % )                             ;
; Total PLLs                         ; 0 / 4 ( 0 % )                               ;
+------------------------------------+---------------------------------------------+


+-----------------------------------------+
; Flow Settings                           ;
+-------------------+---------------------+
; Option            ; Setting             ;
+-------------------+---------------------+
; Start date & time ; 05/12/2020 23:13:24 ;
; Main task         ; Compilation         ;
; Revision Name     ; barcodescanner      ;
+-------------------+---------------------+


+----------------------------------------------------------------------------------------------------------------------------------------------------------------+
; Flow Non-Default Global Settings                                                                                                                               ;
+-------------------------------------+-----------------------------------------------------------------------+---------------+---------------------+------------+
; Assignment Name                     ; Value                                                                 ; Default Value ; Entity Name         ; Section Id ;
+-------------------------------------+-----------------------------------------------------------------------+---------------+---------------------+------------+
; COMPILER_SIGNATURE_ID               ; 190135457815481.158931800327579                                       ; --            ; --                  ; --         ;
; MAX_CORE_JUNCTION_TEMP              ; 85                                                                    ; --            ; --                  ; --         ;
; MIN_CORE_JUNCTION_TEMP              ; 0                                                                     ; --            ; --                  ; --         ;
; MISC_FILE                           ; barcodescanner_nios/synthesis/../barcodescanner_nios.cmp              ; --            ; --                  ; --         ;
; MISC_FILE                           ; barcodescanner_nios/synthesis/../../barcodescanner_nios.qsys          ; --            ; --                  ; --         ;
; PARTITION_COLOR                     ; -- (Not supported for targeted family)                                ; --            ; ClockTest           ; Top        ;
; PARTITION_COLOR                     ; -- (Not supported for targeted family)                                ; --            ; --                  ; Top        ;
; PARTITION_FITTER_PRESERVATION_LEVEL ; -- (Not supported for targeted family)                                ; --            ; ClockTest           ; Top        ;
; PARTITION_FITTER_PRESERVATION_LEVEL ; -- (Not supported for targeted family)                                ; --            ; --                  ; Top        ;
; PARTITION_NETLIST_TYPE              ; -- (Not supported for targeted family)                                ; --            ; ClockTest           ; Top        ;
; PARTITION_NETLIST_TYPE              ; -- (Not supported for targeted family)                                ; --            ; --                  ; Top        ;
; POWER_BOARD_THERMAL_MODEL           ; None (CONSERVATIVE)                                                   ; --            ; --                  ; --         ;
; POWER_PRESET_COOLING_SOLUTION       ; 23 MM HEAT SINK WITH 200 LFPM AIRFLOW                                 ; --            ; --                  ; --         ;
; PROJECT_OUTPUT_DIRECTORY            ; output_files                                                          ; --            ; --                  ; --         ;
; SLD_FILE                            ; barcodescanner_nios/synthesis/barcodescanner_nios.regmap              ; --            ; --                  ; --         ;
; SLD_FILE                            ; barcodescanner_nios/synthesis/barcodescanner_nios.debuginfo           ; --            ; --                  ; --         ;
; SLD_INFO                            ; QSYS_NAME barcodescanner_nios HAS_SOPCINFO 1 GENERATION_ID 1589316586 ; --            ; barcodescanner_nios ; --         ;
; SOPCINFO_FILE                       ; barcodescanner_nios/synthesis/../../barcodescanner_nios.sopcinfo      ; --            ; --                  ; --         ;
; SYNTHESIS_ONLY_QIP                  ; On                                                                    ; --            ; --                  ; --         ;
+-------------------------------------+-----------------------------------------------------------------------+---------------+---------------------+------------+


+--------------------------------------------------------------------------------------------------------------------------+
; Flow Elapsed Time                                                                                                        ;
+----------------------+--------------+-------------------------+---------------------+------------------------------------+
; Module Name          ; Elapsed Time ; Average Processors Used ; Peak Virtual Memory ; Total CPU Time (on all processors) ;
+----------------------+--------------+-------------------------+---------------------+------------------------------------+
; Analysis & Synthesis ; 00:01:10     ; 1.0                     ; 1130 MB             ; 00:02:18                           ;
; Fitter               ; 00:00:26     ; 1.0                     ; 1475 MB             ; 00:00:33                           ;
; Assembler            ; 00:00:05     ; 1.0                     ; 816 MB              ; 00:00:04                           ;
; Timing Analyzer      ; 00:00:04     ; 1.1                     ; 910 MB              ; 00:00:04                           ;
; Total                ; 00:01:45     ; --                      ; --                  ; 00:02:59                           ;
+----------------------+--------------+-------------------------+---------------------+------------------------------------+


+--------------------------------------------------------------------------------------+
; Flow OS Summary                                                                      ;
+----------------------+------------------+--------------+------------+----------------+
; Module Name          ; Machine Hostname ; OS Name      ; OS Version ; Processor type ;
+----------------------+------------------+--------------+------------+----------------+
; Analysis & Synthesis ; UX410UA          ; Ubuntu 19.10 ; 19         ; x86_64         ;
; Fitter               ; UX410UA          ; Ubuntu 19.10 ; 19         ; x86_64         ;
; Assembler            ; UX410UA          ; Ubuntu 19.10 ; 19         ; x86_64         ;
; Timing Analyzer      ; UX410UA          ; Ubuntu 19.10 ; 19         ; x86_64         ;
+----------------------+------------------+--------------+------------+----------------+


------------
; Flow Log ;
------------
quartus_map --read_settings_files=on --write_settings_files=off Barcodescanner -c barcodescanner
quartus_fit --read_settings_files=off --write_settings_files=off Barcodescanner -c barcodescanner
quartus_asm --read_settings_files=off --write_settings_files=off Barcodescanner -c barcodescanner
quartus_sta Barcodescanner -c barcodescanner



